c:\users\thebestpc\documents\visual studio 2015\projects\aspera_framework\aspera_framework\x64\debug\vc140.pdb
c:\users\thebestpc\documents\visual studio 2015\projects\aspera_framework\aspera_framework\x64\debug\vc140.idb
c:\users\thebestpc\documents\visual studio 2015\projects\aspera_framework\aspera_framework\x64\debug\minimap.obj
c:\users\thebestpc\documents\visual studio 2015\projects\aspera_framework\aspera_framework\x64\debug\textureclass.obj
c:\users\thebestpc\documents\visual studio 2015\projects\aspera_framework\aspera_framework\x64\debug\main.obj
c:\users\thebestpc\documents\visual studio 2015\projects\aspera_framework\aspera_framework\x64\debug\fpsclass.obj
c:\users\thebestpc\documents\visual studio 2015\projects\aspera_framework\aspera_framework\x64\debug\inputclass.obj
c:\users\thebestpc\documents\visual studio 2015\projects\aspera_framework\aspera_framework\x64\debug\timerclass.obj
c:\users\thebestpc\documents\visual studio 2015\projects\aspera_framework\aspera_framework\x64\debug\sceneclass.obj
c:\users\thebestpc\documents\visual studio 2015\projects\aspera_framework\aspera_framework\x64\debug\colorshaderclass.obj
c:\users\thebestpc\documents\visual studio 2015\projects\aspera_framework\aspera_framework\x64\debug\fontshaderclass.obj
c:\users\thebestpc\documents\visual studio 2015\projects\aspera_framework\aspera_framework\x64\debug\lightshaderclass.obj
c:\users\thebestpc\documents\visual studio 2015\projects\aspera_framework\aspera_framework\x64\debug\skydomeshaderclass.obj
c:\users\thebestpc\documents\visual studio 2015\projects\aspera_framework\aspera_framework\x64\debug\terrainshaderclass.obj
c:\users\thebestpc\documents\visual studio 2015\projects\aspera_framework\aspera_framework\x64\debug\textureshaderclass.obj
c:\users\thebestpc\documents\visual studio 2015\projects\aspera_framework\aspera_framework\x64\debug\textureshaderinstanced.obj
c:\users\thebestpc\documents\visual studio 2015\projects\aspera_framework\aspera_framework\x64\debug\cameramovementsystem.obj
c:\users\thebestpc\documents\visual studio 2015\projects\aspera_framework\aspera_framework\x64\debug\renderingsystem.obj
c:\users\thebestpc\documents\visual studio 2015\projects\aspera_framework\aspera_framework\x64\debug\userinterfaceclass.obj
c:\users\thebestpc\documents\visual studio 2015\projects\aspera_framework\aspera_framework\x64\debug\applicationclass.obj
c:\users\thebestpc\documents\visual studio 2015\projects\aspera_framework\aspera_framework\x64\debug\systemclass.obj
c:\users\thebestpc\documents\visual studio 2015\projects\aspera_framework\aspera_framework\x64\debug\component.obj
c:\users\thebestpc\documents\visual studio 2015\projects\aspera_framework\aspera_framework\x64\debug\gameobject.obj
c:\users\thebestpc\documents\visual studio 2015\projects\aspera_framework\aspera_framework\x64\debug\mesh.obj
c:\users\thebestpc\documents\visual studio 2015\projects\aspera_framework\aspera_framework\x64\debug\prefab.obj
c:\users\thebestpc\documents\visual studio 2015\projects\aspera_framework\aspera_framework\x64\debug\instancingmesh.obj
c:\users\thebestpc\documents\visual studio 2015\projects\aspera_framework\aspera_framework\x64\debug\modelmesh.obj
c:\users\thebestpc\documents\visual studio 2015\projects\aspera_framework\aspera_framework\x64\debug\renderer.obj
c:\users\thebestpc\documents\visual studio 2015\projects\aspera_framework\aspera_framework\x64\debug\terrainmesh.obj
c:\users\thebestpc\documents\visual studio 2015\projects\aspera_framework\aspera_framework\x64\debug\transform.obj
c:\users\thebestpc\documents\visual studio 2015\projects\aspera_framework\aspera_framework\x64\debug\d3dclass.obj
c:\users\thebestpc\documents\visual studio 2015\projects\aspera_framework\aspera_framework\x64\debug\camera.obj
c:\users\thebestpc\documents\visual studio 2015\projects\aspera_framework\aspera_framework\x64\debug\cube.obj
c:\users\thebestpc\documents\visual studio 2015\projects\aspera_framework\aspera_framework\x64\debug\instancedcube.obj
c:\users\thebestpc\documents\visual studio 2015\projects\aspera_framework\aspera_framework\x64\debug\skydome.obj
c:\users\thebestpc\documents\visual studio 2015\projects\aspera_framework\aspera_framework\x64\debug\terrain.obj
c:\users\thebestpc\documents\visual studio 2015\projects\aspera_framework\aspera_framework\x64\debug\lightclass.obj
c:\users\thebestpc\documents\visual studio 2015\projects\aspera_framework\aspera_framework\x64\debug\bitmapclass.obj
c:\users\thebestpc\documents\visual studio 2015\projects\aspera_framework\aspera_framework\x64\debug\fontclass.obj
c:\users\thebestpc\documents\visual studio 2015\projects\aspera_framework\aspera_framework\x64\debug\textclass.obj
c:\users\thebestpc\documents\visual studio 2015\projects\aspera_framework\x64\debug\aspera_framework.pdb
c:\users\thebestpc\documents\visual studio 2015\projects\aspera_framework\aspera_framework\x64\debug\aspera_framework.tlog\cl.command.1.tlog
c:\users\thebestpc\documents\visual studio 2015\projects\aspera_framework\aspera_framework\x64\debug\aspera_framework.tlog\cl.read.1.tlog
c:\users\thebestpc\documents\visual studio 2015\projects\aspera_framework\aspera_framework\x64\debug\aspera_framework.tlog\cl.write.1.tlog
c:\users\thebestpc\documents\visual studio 2015\projects\aspera_framework\aspera_framework\x64\debug\aspera_framework.tlog\link-cvtres.read.1.tlog
c:\users\thebestpc\documents\visual studio 2015\projects\aspera_framework\aspera_framework\x64\debug\aspera_framework.tlog\link-cvtres.write.1.tlog
c:\users\thebestpc\documents\visual studio 2015\projects\aspera_framework\aspera_framework\x64\debug\aspera_framework.tlog\link-rc.read.1.tlog
c:\users\thebestpc\documents\visual studio 2015\projects\aspera_framework\aspera_framework\x64\debug\aspera_framework.tlog\link-rc.write.1.tlog
c:\users\thebestpc\documents\visual studio 2015\projects\aspera_framework\aspera_framework\x64\debug\aspera_framework.tlog\link.command.1.tlog
c:\users\thebestpc\documents\visual studio 2015\projects\aspera_framework\aspera_framework\x64\debug\aspera_framework.tlog\link.read.1.tlog
c:\users\thebestpc\documents\visual studio 2015\projects\aspera_framework\aspera_framework\x64\debug\aspera_framework.tlog\link.write.1.tlog
